2019-05-28 15:31:25 - PHP Notice:  Undefined variable: logo in D:\Programs\OSPanel\domains\ocStore2.3.loc\upload\catalog\view\theme\default\template\common\header.tpl on line 26
2019-05-28 15:31:25 - PHP Notice:  Undefined variable: logo in D:\Programs\OSPanel\domains\ocStore2.3.loc\upload\catalog\view\theme\default\template\common\header.tpl on line 83
2019-05-28 15:31:55 - PHP Notice:  Undefined variable: logo in D:\Programs\OSPanel\domains\ocStore2.3.loc\upload\catalog\view\theme\default\template\common\header.tpl on line 26
2019-05-28 15:31:55 - PHP Notice:  Undefined variable: logo in D:\Programs\OSPanel\domains\ocStore2.3.loc\upload\catalog\view\theme\default\template\common\header.tpl on line 83
2019-05-28 15:34:10 - PHP Notice:  Undefined variable: logo in D:\Programs\OSPanel\domains\ocStore2.3.loc\upload\catalog\view\theme\default\template\common\header.tpl on line 26
2019-05-28 15:34:10 - PHP Notice:  Undefined variable: logo in D:\Programs\OSPanel\domains\ocStore2.3.loc\upload\catalog\view\theme\default\template\common\header.tpl on line 83
2019-05-29 0:16:00 - PHP Warning:  DOMDocument::loadXML(): Opening and ending tag mismatch: add line 19 and operation in Entity, line: 20 in D:\Programs\OSPanel\domains\ocStore2.3.loc\upload\system\storage\modification\admin\controller\extension\installer.php on line 511
2019-05-29 0:16:00 - PHP Warning:  DOMDocument::loadXML(): Opening and ending tag mismatch: operation line 15 and modification in Entity, line: 21 in D:\Programs\OSPanel\domains\ocStore2.3.loc\upload\system\storage\modification\admin\controller\extension\installer.php on line 511
2019-05-29 0:16:00 - PHP Warning:  DOMDocument::loadXML(): Premature end of data in tag file line 14 in Entity, line: 21 in D:\Programs\OSPanel\domains\ocStore2.3.loc\upload\system\storage\modification\admin\controller\extension\installer.php on line 511
2019-05-29 0:16:00 - PHP Warning:  DOMDocument::loadXML(): Premature end of data in tag modification line 1 in Entity, line: 21 in D:\Programs\OSPanel\domains\ocStore2.3.loc\upload\system\storage\modification\admin\controller\extension\installer.php on line 511
2019-05-29 0:16:46 - PHP Warning:  DOMDocument::loadXML(): Opening and ending tag mismatch: add line 19 and operation in Entity, line: 20 in D:\Programs\OSPanel\domains\ocStore2.3.loc\upload\system\storage\modification\admin\controller\extension\installer.php on line 511
2019-05-29 0:16:46 - PHP Warning:  DOMDocument::loadXML(): Opening and ending tag mismatch: operation line 15 and file in Entity, line: 21 in D:\Programs\OSPanel\domains\ocStore2.3.loc\upload\system\storage\modification\admin\controller\extension\installer.php on line 511
2019-05-29 0:16:46 - PHP Warning:  DOMDocument::loadXML(): Opening and ending tag mismatch: file line 14 and modification in Entity, line: 22 in D:\Programs\OSPanel\domains\ocStore2.3.loc\upload\system\storage\modification\admin\controller\extension\installer.php on line 511
2019-05-29 0:16:46 - PHP Warning:  DOMDocument::loadXML(): Premature end of data in tag modification line 1 in Entity, line: 22 in D:\Programs\OSPanel\domains\ocStore2.3.loc\upload\system\storage\modification\admin\controller\extension\installer.php on line 511
2019-05-29 0:19:22 - PHP Warning:  DOMDocument::loadXML(): Opening and ending tag mismatch: add line 19 and operation in Entity, line: 20 in D:\Programs\OSPanel\domains\ocStore2.3.loc\upload\system\storage\modification\admin\controller\extension\installer.php on line 511
2019-05-29 0:19:22 - PHP Warning:  DOMDocument::loadXML(): Opening and ending tag mismatch: operation line 15 and file in Entity, line: 21 in D:\Programs\OSPanel\domains\ocStore2.3.loc\upload\system\storage\modification\admin\controller\extension\installer.php on line 511
2019-05-29 0:19:22 - PHP Warning:  DOMDocument::loadXML(): Opening and ending tag mismatch: file line 14 and modification in Entity, line: 22 in D:\Programs\OSPanel\domains\ocStore2.3.loc\upload\system\storage\modification\admin\controller\extension\installer.php on line 511
2019-05-29 0:19:22 - PHP Warning:  DOMDocument::loadXML(): Premature end of data in tag modification line 1 in Entity, line: 22 in D:\Programs\OSPanel\domains\ocStore2.3.loc\upload\system\storage\modification\admin\controller\extension\installer.php on line 511
2019-05-29 0:20:41 - PHP Warning:  DOMDocument::loadXML(): Opening and ending tag mismatch: add line 19 and operation in Entity, line: 20 in D:\Programs\OSPanel\domains\ocStore2.3.loc\upload\system\storage\modification\admin\controller\extension\installer.php on line 511
2019-05-29 0:20:41 - PHP Warning:  DOMDocument::loadXML(): Opening and ending tag mismatch: operation line 15 and file in Entity, line: 21 in D:\Programs\OSPanel\domains\ocStore2.3.loc\upload\system\storage\modification\admin\controller\extension\installer.php on line 511
2019-05-29 0:20:41 - PHP Warning:  DOMDocument::loadXML(): Opening and ending tag mismatch: file line 14 and modification in Entity, line: 22 in D:\Programs\OSPanel\domains\ocStore2.3.loc\upload\system\storage\modification\admin\controller\extension\installer.php on line 511
2019-05-29 0:20:41 - PHP Warning:  DOMDocument::loadXML(): Premature end of data in tag modification line 1 in Entity, line: 22 in D:\Programs\OSPanel\domains\ocStore2.3.loc\upload\system\storage\modification\admin\controller\extension\installer.php on line 511
2019-05-29 0:24:59 - PHP Warning:  DOMDocument::loadXML(): Opening and ending tag mismatch: add line 18 and operation in Entity, line: 19 in D:\Programs\OSPanel\domains\ocStore2.3.loc\upload\system\storage\modification\admin\controller\extension\installer.php on line 511
2019-05-29 0:24:59 - PHP Warning:  DOMDocument::loadXML(): Opening and ending tag mismatch: operation line 16 and file in Entity, line: 20 in D:\Programs\OSPanel\domains\ocStore2.3.loc\upload\system\storage\modification\admin\controller\extension\installer.php on line 511
2019-05-29 0:24:59 - PHP Warning:  DOMDocument::loadXML(): Opening and ending tag mismatch: file line 15 and modification in Entity, line: 21 in D:\Programs\OSPanel\domains\ocStore2.3.loc\upload\system\storage\modification\admin\controller\extension\installer.php on line 511
2019-05-29 0:24:59 - PHP Warning:  DOMDocument::loadXML(): Premature end of data in tag modification line 2 in Entity, line: 21 in D:\Programs\OSPanel\domains\ocStore2.3.loc\upload\system\storage\modification\admin\controller\extension\installer.php on line 511
2019-05-29 0:25:20 - PHP Warning:  DOMDocument::loadXML(): Opening and ending tag mismatch: add line 18 and operation in Entity, line: 19 in D:\Programs\OSPanel\domains\ocStore2.3.loc\upload\system\storage\modification\admin\controller\extension\installer.php on line 511
2019-05-29 0:25:20 - PHP Warning:  DOMDocument::loadXML(): Opening and ending tag mismatch: operation line 16 and file in Entity, line: 20 in D:\Programs\OSPanel\domains\ocStore2.3.loc\upload\system\storage\modification\admin\controller\extension\installer.php on line 511
2019-05-29 0:25:20 - PHP Warning:  DOMDocument::loadXML(): Opening and ending tag mismatch: file line 15 and modification in Entity, line: 21 in D:\Programs\OSPanel\domains\ocStore2.3.loc\upload\system\storage\modification\admin\controller\extension\installer.php on line 511
2019-05-29 0:25:20 - PHP Warning:  DOMDocument::loadXML(): Premature end of data in tag modification line 2 in Entity, line: 21 in D:\Programs\OSPanel\domains\ocStore2.3.loc\upload\system\storage\modification\admin\controller\extension\installer.php on line 511
2019-05-29 1:09:09 - PHP Warning:  DOMDocument::loadXML(): Opening and ending tag mismatch: add line 20 and operation in Entity, line: 21 in D:\Programs\OSPanel\domains\ocStore2.3.loc\upload\system\storage\modification\admin\controller\extension\installer.php on line 511
2019-05-29 1:09:09 - PHP Warning:  DOMDocument::loadXML(): Opening and ending tag mismatch: add line 20 and file in Entity, line: 22 in D:\Programs\OSPanel\domains\ocStore2.3.loc\upload\system\storage\modification\admin\controller\extension\installer.php on line 511
2019-05-29 1:09:09 - PHP Warning:  DOMDocument::loadXML(): Opening and ending tag mismatch: operation line 16 and modification in Entity, line: 23 in D:\Programs\OSPanel\domains\ocStore2.3.loc\upload\system\storage\modification\admin\controller\extension\installer.php on line 511
2019-05-29 1:09:09 - PHP Warning:  DOMDocument::loadXML(): Premature end of data in tag file line 15 in Entity, line: 23 in D:\Programs\OSPanel\domains\ocStore2.3.loc\upload\system\storage\modification\admin\controller\extension\installer.php on line 511
2019-05-29 1:09:09 - PHP Warning:  DOMDocument::loadXML(): Premature end of data in tag modification line 2 in Entity, line: 23 in D:\Programs\OSPanel\domains\ocStore2.3.loc\upload\system\storage\modification\admin\controller\extension\installer.php on line 511
